==589== Memcheck, a memory error detector
==589== Copyright (C) 2002-2017, and GNU GPL'd, by Julian Seward et al.
==589== Using Valgrind-3.15.0 and LibVEX; rerun with -h for copyright info
==589== Command: ./cub3D ./maps/map.cub
==589== Parent PID: 404
==589== 
==589== 
==589== HEAP SUMMARY:
==589==     in use at exit: 2,744 bytes in 67 blocks
==589==   total heap usage: 16,148 allocs, 16,081 frees, 18,406,042 bytes allocated
==589== 
==589== 9 bytes in 1 blocks are still reachable in loss record 1 of 14
==589==    at 0x483B7F3: malloc (in /usr/lib/x86_64-linux-gnu/valgrind/vgpreload_memcheck-amd64-linux.so)
==589==    by 0x405EF5: ft_strdup (in /home/coder/Documents/cub3d/cub3D)
==589==    by 0x404F1F: fill_arr_colors (filling.c:69)
==589==    by 0x404DA6: fill_structures_loop (filling.c:36)
==589==    by 0x404CB1: parser (filling.c:19)
==589==    by 0x4025AC: main (main.c:21)
==589== 
{
   <insert_a_suppression_name_here>
   Memcheck:Leak
   match-leak-kinds: reachable
   fun:malloc
   fun:ft_strdup
   fun:fill_arr_colors
   fun:fill_structures_loop
   fun:parser
   fun:main
}
==589== 12 bytes in 1 blocks are still reachable in loss record 2 of 14
==589==    at 0x483B7F3: malloc (in /usr/lib/x86_64-linux-gnu/valgrind/vgpreload_memcheck-amd64-linux.so)
==589==    by 0x405EF5: ft_strdup (in /home/coder/Documents/cub3d/cub3D)
==589==    by 0x404F3F: fill_arr_colors (filling.c:71)
==589==    by 0x404DA6: fill_structures_loop (filling.c:36)
==589==    by 0x404CB1: parser (filling.c:19)
==589==    by 0x4025AC: main (main.c:21)
==589== 
{
   <insert_a_suppression_name_here>
   Memcheck:Leak
   match-leak-kinds: reachable
   fun:malloc
   fun:ft_strdup
   fun:fill_arr_colors
   fun:fill_structures_loop
   fun:parser
   fun:main
}
==589== 12 bytes in 4 blocks are still reachable in loss record 3 of 14
==589==    at 0x483B7F3: malloc (in /usr/lib/x86_64-linux-gnu/valgrind/vgpreload_memcheck-amd64-linux.so)
==589==    by 0x405EF5: ft_strdup (in /home/coder/Documents/cub3d/cub3D)
==589==    by 0x404AE0: map_texture (checker.c:44)
==589==    by 0x404A20: checking_texture (checker.c:32)
==589==    by 0x404984: map_checker (checker.c:17)
==589==    by 0x404CC3: parser (filling.c:21)
==589==    by 0x4025AC: main (main.c:21)
==589== 
{
   <insert_a_suppression_name_here>
   Memcheck:Leak
   match-leak-kinds: reachable
   fun:malloc
   fun:ft_strdup
   fun:map_texture
   fun:checking_texture
   fun:map_checker
   fun:parser
   fun:main
}
==589== 40 bytes in 1 blocks are still reachable in loss record 4 of 14
==589==    at 0x483B7F3: malloc (in /usr/lib/x86_64-linux-gnu/valgrind/vgpreload_memcheck-amd64-linux.so)
==589==    by 0x405E85: ft_calloc (in /home/coder/Documents/cub3d/cub3D)
==589==    by 0x404E4B: fill_arr_textures (filling.c:53)
==589==    by 0x404D59: fill_structures_loop (filling.c:34)
==589==    by 0x404CB1: parser (filling.c:19)
==589==    by 0x4025AC: main (main.c:21)
==589== 
{
   <insert_a_suppression_name_here>
   Memcheck:Leak
   match-leak-kinds: reachable
   fun:malloc
   fun:ft_calloc
   fun:fill_arr_textures
   fun:fill_structures_loop
   fun:parser
   fun:main
}
==589== 41 bytes in 1 blocks are still reachable in loss record 5 of 14
==589==    at 0x483B7F3: malloc (in /usr/lib/x86_64-linux-gnu/valgrind/vgpreload_memcheck-amd64-linux.so)
==589==    by 0x405EF5: ft_strdup (in /home/coder/Documents/cub3d/cub3D)
==589==    by 0x40651C: str_joint (in /home/coder/Documents/cub3d/cub3D)
==589==    by 0x40630B: get_next_line (in /home/coder/Documents/cub3d/cub3D)
==589==    by 0x405927: read_map (read_map.c:26)
==589==    by 0x4025A0: main (main.c:20)
==589== 
{
   <insert_a_suppression_name_here>
   Memcheck:Leak
   match-leak-kinds: reachable
   fun:malloc
   fun:ft_strdup
   fun:str_joint
   fun:get_next_line
   fun:read_map
   fun:main
}
==589== 41 bytes in 1 blocks are still reachable in loss record 6 of 14
==589==    at 0x483B7F3: malloc (in /usr/lib/x86_64-linux-gnu/valgrind/vgpreload_memcheck-amd64-linux.so)
==589==    by 0x4065F4: ft_strdup_len (in /home/coder/Documents/cub3d/cub3D)
==589==    by 0x405012: fill_map (filling.c:85)
==589==    by 0x404DDD: fill_structures_loop (filling.c:40)
==589==    by 0x404CB1: parser (filling.c:19)
==589==    by 0x4025AC: main (main.c:21)
==589== 
{
   <insert_a_suppression_name_here>
   Memcheck:Leak
   match-leak-kinds: reachable
   fun:malloc
   fun:ft_strdup_len
   fun:fill_map
   fun:fill_structures_loop
   fun:parser
   fun:main
}
==589== 88 bytes in 1 blocks are still reachable in loss record 7 of 14
==589==    at 0x483B7F3: malloc (in /usr/lib/x86_64-linux-gnu/valgrind/vgpreload_memcheck-amd64-linux.so)
==589==    by 0x407000: mlx_int_new_xshm_image (in /home/coder/Documents/cub3d/cub3D)
==589==    by 0x4072F3: mlx_new_image (in /home/coder/Documents/cub3d/cub3D)
==589==    by 0x402603: main (main.c:26)
==589== 
{
   <insert_a_suppression_name_here>
   Memcheck:Leak
   match-leak-kinds: reachable
   fun:malloc
   fun:mlx_int_new_xshm_image
   fun:mlx_new_image
   fun:main
}
==589== 120 bytes in 4 blocks are still reachable in loss record 8 of 14
==589==    at 0x483B7F3: malloc (in /usr/lib/x86_64-linux-gnu/valgrind/vgpreload_memcheck-amd64-linux.so)
==589==    by 0x405EF5: ft_strdup (in /home/coder/Documents/cub3d/cub3D)
==589==    by 0x404AF1: map_texture (checker.c:45)
==589==    by 0x404A20: checking_texture (checker.c:32)
==589==    by 0x404984: map_checker (checker.c:17)
==589==    by 0x404CC3: parser (filling.c:21)
==589==    by 0x4025AC: main (main.c:21)
==589== 
{
   <insert_a_suppression_name_here>
   Memcheck:Leak
   match-leak-kinds: reachable
   fun:malloc
   fun:ft_strdup
   fun:map_texture
   fun:checking_texture
   fun:map_checker
   fun:parser
   fun:main
}
==589== 136 bytes in 1 blocks are still reachable in loss record 9 of 14
==589==    at 0x483DD99: calloc (in /usr/lib/x86_64-linux-gnu/valgrind/vgpreload_memcheck-amd64-linux.so)
==589==    by 0x4BC1BB3: XShmCreateImage (in /usr/lib/x86_64-linux-gnu/libXext.so.6.4.0)
==589==    by 0x40704E: mlx_int_new_xshm_image (in /home/coder/Documents/cub3d/cub3D)
==589==    by 0x4072F3: mlx_new_image (in /home/coder/Documents/cub3d/cub3D)
==589==    by 0x402603: main (main.c:26)
==589== 
{
   <insert_a_suppression_name_here>
   Memcheck:Leak
   match-leak-kinds: reachable
   fun:calloc
   fun:XShmCreateImage
   fun:mlx_int_new_xshm_image
   fun:mlx_new_image
   fun:main
}
==589== 152 bytes in 1 blocks are still reachable in loss record 10 of 14
==589==    at 0x483B7F3: malloc (in /usr/lib/x86_64-linux-gnu/valgrind/vgpreload_memcheck-amd64-linux.so)
==589==    by 0x405E85: ft_calloc (in /home/coder/Documents/cub3d/cub3D)
==589==    by 0x404FF3: fill_map (filling.c:84)
==589==    by 0x404DDD: fill_structures_loop (filling.c:40)
==589==    by 0x404CB1: parser (filling.c:19)
==589==    by 0x4025AC: main (main.c:21)
==589== 
{
   <insert_a_suppression_name_here>
   Memcheck:Leak
   match-leak-kinds: reachable
   fun:malloc
   fun:ft_calloc
   fun:fill_map
   fun:fill_structures_loop
   fun:parser
   fun:main
}
==589== 248 bytes in 1 blocks are still reachable in loss record 11 of 14
==589==    at 0x483B7F3: malloc (in /usr/lib/x86_64-linux-gnu/valgrind/vgpreload_memcheck-amd64-linux.so)
==589==    by 0x405E85: ft_calloc (in /home/coder/Documents/cub3d/cub3D)
==589==    by 0x405A4E: lines (read_map.c:53)
==589==    by 0x4058CC: read_map (read_map.c:21)
==589==    by 0x4025A0: main (main.c:20)
==589== 
{
   <insert_a_suppression_name_here>
   Memcheck:Leak
   match-leak-kinds: reachable
   fun:malloc
   fun:ft_calloc
   fun:lines
   fun:read_map
   fun:main
}
==589== 288 bytes in 4 blocks are still reachable in loss record 12 of 14
==589==    at 0x483B7F3: malloc (in /usr/lib/x86_64-linux-gnu/valgrind/vgpreload_memcheck-amd64-linux.so)
==589==    by 0x404AFF: map_texture (checker.c:46)
==589==    by 0x404A20: checking_texture (checker.c:32)
==589==    by 0x404984: map_checker (checker.c:17)
==589==    by 0x404CC3: parser (filling.c:21)
==589==    by 0x4025AC: main (main.c:21)
==589== 
{
   <insert_a_suppression_name_here>
   Memcheck:Leak
   match-leak-kinds: reachable
   fun:malloc
   fun:map_texture
   fun:checking_texture
   fun:map_checker
   fun:parser
   fun:main
}
==589== 697 bytes in 17 blocks are still reachable in loss record 13 of 14
==589==    at 0x483B7F3: malloc (in /usr/lib/x86_64-linux-gnu/valgrind/vgpreload_memcheck-amd64-linux.so)
==589==    by 0x4065F4: ft_strdup_len (in /home/coder/Documents/cub3d/cub3D)
==589==    by 0x405058: fill_map (filling.c:90)
==589==    by 0x404DDD: fill_structures_loop (filling.c:40)
==589==    by 0x404CB1: parser (filling.c:19)
==589==    by 0x4025AC: main (main.c:21)
==589== 
{
   <insert_a_suppression_name_here>
   Memcheck:Leak
   match-leak-kinds: reachable
   fun:malloc
   fun:ft_strdup_len
   fun:fill_map
   fun:fill_structures_loop
   fun:parser
   fun:main
}
==589== 860 bytes in 29 blocks are still reachable in loss record 14 of 14
==589==    at 0x483B7F3: malloc (in /usr/lib/x86_64-linux-gnu/valgrind/vgpreload_memcheck-amd64-linux.so)
==589==    by 0x406757: ft_substr (in /home/coder/Documents/cub3d/cub3D)
==589==    by 0x4064E3: str_joint (in /home/coder/Documents/cub3d/cub3D)
==589==    by 0x40630B: get_next_line (in /home/coder/Documents/cub3d/cub3D)
==589==    by 0x405927: read_map (read_map.c:26)
==589==    by 0x4025A0: main (main.c:20)
==589== 
{
   <insert_a_suppression_name_here>
   Memcheck:Leak
   match-leak-kinds: reachable
   fun:malloc
   fun:ft_substr
   fun:str_joint
   fun:get_next_line
   fun:read_map
   fun:main
}
==589== LEAK SUMMARY:
==589==    definitely lost: 0 bytes in 0 blocks
==589==    indirectly lost: 0 bytes in 0 blocks
==589==      possibly lost: 0 bytes in 0 blocks
==589==    still reachable: 2,744 bytes in 67 blocks
==589==         suppressed: 0 bytes in 0 blocks
==589== 
==589== For lists of detected and suppressed errors, rerun with: -s
==589== ERROR SUMMARY: 0 errors from 0 contexts (suppressed: 1 from 1)
